<?xml version="1.0" encoding="UTF-8"?>
<!-- Generated by org.testng.reporters.JUnitXMLReporter -->
<testsuite hostname="TJ" ignored="1" name="HomeTest" tests="2" failures="0" timestamp="2021-09-14T11:24:09 IST" time="0.064" errors="0">
  <testcase name="testCase" time="0.013" classname="day12.GroupingOfTestCases"/>
  <testcase name="testCase2" time="0.002" classname="day12.GroupingOfTestCases"/>
  <testcase name="testCase3" time="0.0" classname="day12.GroupingOfTestCases">
    <ignored/>
  </testcase> <!-- testCase3 -->
</testsuite> <!-- HomeTest -->
